0 info it worked if it ends with ok
1 verbose cli [ 'C:\\Program Files\\nodejs\\\\node.exe',
1 verbose cli   'C:\\Program Files\\nodejs\\node_modules\\npm\\bin\\npm-cli.js',
1 verbose cli   'install',
1 verbose cli   'Gridfs',
1 verbose cli   '--save' ]
2 info using npm@1.4.28
3 info using node@v0.10.36
4 verbose node symlink C:\Program Files\nodejs\\node.exe
5 warn package.json anidopt@0.0.1 No description
6 warn package.json anidopt@0.0.1 No repository field.
7 warn package.json anidopt@0.0.1 No README data
8 verbose readDependencies using package.json deps
9 verbose cache add [ 'Gridfs', null ]
10 verbose cache add name=undefined spec="Gridfs" args=["Gridfs",null]
11 verbose parsed url { protocol: null,
11 verbose parsed url   slashes: null,
11 verbose parsed url   auth: null,
11 verbose parsed url   host: null,
11 verbose parsed url   port: null,
11 verbose parsed url   hostname: null,
11 verbose parsed url   hash: null,
11 verbose parsed url   search: null,
11 verbose parsed url   query: null,
11 verbose parsed url   pathname: 'Gridfs',
11 verbose parsed url   path: 'Gridfs',
11 verbose parsed url   href: 'Gridfs' }
12 silly lockFile d741484c-Gridfs Gridfs
13 verbose lock Gridfs C:\Users\matthew.astemborski\AppData\Roaming\npm-cache\d741484c-Gridfs.lock
14 silly lockFile d741484c-Gridfs Gridfs
15 silly lockFile d741484c-Gridfs Gridfs
16 verbose addNamed [ 'Gridfs', '' ]
17 verbose addNamed [ null, '*' ]
18 silly lockFile a72cf6fa-Gridfs Gridfs@
19 verbose lock Gridfs@ C:\Users\matthew.astemborski\AppData\Roaming\npm-cache\a72cf6fa-Gridfs.lock
20 silly addNameRange { name: 'Gridfs', range: '*', hasData: false }
21 verbose request where is /Gridfs
22 verbose request registry https://registry.npmjs.org/
23 verbose request id 82a7d0f483b7700f
24 verbose url raw /Gridfs
25 verbose url resolving [ 'https://registry.npmjs.org/', './Gridfs' ]
26 verbose url resolved https://registry.npmjs.org/Gridfs
27 verbose request where is https://registry.npmjs.org/Gridfs
28 info trying registry request attempt 1 at 14:03:19
29 http GET https://registry.npmjs.org/Gridfs
30 http 404 https://registry.npmjs.org/Gridfs
31 verbose headers { date: 'Thu, 26 Feb 2015 20:03:19 GMT',
31 verbose headers   server: 'CouchDB/1.5.0 (Erlang OTP/R16B03)',
31 verbose headers   'content-type': 'application/json',
31 verbose headers   'cache-control': 'max-age=0',
31 verbose headers   'content-length': '52',
31 verbose headers   'accept-ranges': 'bytes',
31 verbose headers   via: '1.1 varnish',
31 verbose headers   age: '0',
31 verbose headers   'x-served-by': 'cache-ord1725-ORD',
31 verbose headers   'x-cache': 'MISS',
31 verbose headers   'x-cache-hits': '0',
31 verbose headers   'x-timer': 'S1424980999.774258,VS0,VE30',
31 verbose headers   'keep-alive': 'timeout=10, max=50',
31 verbose headers   connection: 'Keep-Alive' }
32 silly registry.get cb [ 404,
32 silly registry.get   { date: 'Thu, 26 Feb 2015 20:03:19 GMT',
32 silly registry.get     server: 'CouchDB/1.5.0 (Erlang OTP/R16B03)',
32 silly registry.get     'content-type': 'application/json',
32 silly registry.get     'cache-control': 'max-age=0',
32 silly registry.get     'content-length': '52',
32 silly registry.get     'accept-ranges': 'bytes',
32 silly registry.get     via: '1.1 varnish',
32 silly registry.get     age: '0',
32 silly registry.get     'x-served-by': 'cache-ord1725-ORD',
32 silly registry.get     'x-cache': 'MISS',
32 silly registry.get     'x-cache-hits': '0',
32 silly registry.get     'x-timer': 'S1424980999.774258,VS0,VE30',
32 silly registry.get     'keep-alive': 'timeout=10, max=50',
32 silly registry.get     connection: 'Keep-Alive' } ]
33 silly lockFile a72cf6fa-Gridfs Gridfs@
34 silly lockFile a72cf6fa-Gridfs Gridfs@
35 error 404 404 Not Found: Gridfs
35 error 404
35 error 404 'Gridfs' is not in the npm registry.
35 error 404 You should bug the author to publish it
35 error 404 It was specified as a dependency of 'anidopt'
35 error 404
35 error 404 Note that you can also install from a
35 error 404 tarball, folder, or http url, or git url.
36 error System Windows_NT 6.1.7601
37 error command "C:\\Program Files\\nodejs\\\\node.exe" "C:\\Program Files\\nodejs\\node_modules\\npm\\bin\\npm-cli.js" "install" "Gridfs" "--save"
38 error cwd C:\Users\matthew.astemborski\Desktop\anidopt
39 error node -v v0.10.36
40 error npm -v 1.4.28
41 error code E404
42 verbose exit [ 1, true ]
